<?xml version="1.0" encoding="UTF-8"?>
<testng-results ignored="0" total="2" passed="2" failed="0" skipped="0">
  <reporter-output>
  </reporter-output>
  <suite started-at="2023-06-06T20:40:06 IST" name="Suite" finished-at="2023-06-06T20:40:22 IST" duration-ms="16250">
    <groups>
    </groups>
    <test started-at="2023-06-06T20:40:06 IST" name="Test1" finished-at="2023-06-06T20:40:18 IST" duration-ms="12228">
      <class name="testing.CrossBrowserTest">
        <test-method is-config="true" signature="initialize(java.lang.String)[pri:0, instance:testing.CrossBrowserTest@6be968ce]" started-at="2023-06-06T20:40:06 IST" name="initialize" finished-at="2023-06-06T20:40:16 IST" duration-ms="10266" status="PASS">
          <params>
            <param index="0">
              <value>
                <![CDATA[chrome]]>
              </value>
            </param>
          </params>
          <reporter-output>
          </reporter-output>
        </test-method> <!-- initialize -->
        <test-method signature="googleTest()[pri:0, instance:testing.CrossBrowserTest@6be968ce]" started-at="2023-06-06T20:40:16 IST" name="googleTest" finished-at="2023-06-06T20:40:18 IST" duration-ms="1882" status="PASS">
          <reporter-output>
          </reporter-output>
        </test-method> <!-- googleTest -->
      </class> <!-- testing.CrossBrowserTest -->
    </test> <!-- Test1 -->
    <test started-at="2023-06-06T20:40:18 IST" name="Test2" finished-at="2023-06-06T20:40:22 IST" duration-ms="3960">
      <class name="testing.CrossBrowserTest">
        <test-method is-config="true" signature="initialize(java.lang.String)[pri:0, instance:testing.CrossBrowserTest@6f204a1a]" started-at="2023-06-06T20:40:18 IST" name="initialize" finished-at="2023-06-06T20:40:21 IST" duration-ms="2207" status="PASS">
          <params>
            <param index="0">
              <value>
                <![CDATA[firefox]]>
              </value>
            </param>
          </params>
          <reporter-output>
          </reporter-output>
        </test-method> <!-- initialize -->
        <test-method signature="googleTest()[pri:0, instance:testing.CrossBrowserTest@6f204a1a]" started-at="2023-06-06T20:40:21 IST" name="googleTest" finished-at="2023-06-06T20:40:22 IST" duration-ms="1746" status="PASS">
          <reporter-output>
          </reporter-output>
        </test-method> <!-- googleTest -->
      </class> <!-- testing.CrossBrowserTest -->
    </test> <!-- Test2 -->
  </suite> <!-- Suite -->
</testng-results>
